0 info it worked if it ends with ok
1 verbose cli [ '/usr/bin/node', '/usr/bin/npm', 'run', 'debug' ]
2 info using npm@3.4.0
3 info using node@v5.0.0
4 verbose run-script [ 'predebug', 'debug', 'postdebug' ]
5 info lifecycle eve@1.0.0~predebug: eve@1.0.0
6 silly lifecycle eve@1.0.0~predebug: no script for predebug, continuing
7 info lifecycle eve@1.0.0~debug: eve@1.0.0
8 verbose lifecycle eve@1.0.0~debug: unsafe-perm in lifecycle true
9 verbose lifecycle eve@1.0.0~debug: PATH: /usr/lib/node_modules/npm/bin/node-gyp-bin:/home/imam/s/eve/node_modules/.bin:/home/imam/.gem/ruby/2.2.0/bin:/home/imam/bin:/usr/local/bin:/home/imam/bin/Sencha/Cmd/6.0.1.76/..:/home/imam/bin/Sencha/Cmd/6.0.1.76/..:/usr/local/sbin:/usr/local/bin:/usr/bin:/opt/android-sdk/tools:/usr/lib/jvm/default/bin:/usr/bin/site_perl:/usr/bin/vendor_perl:/usr/bin/core_perl
10 verbose lifecycle eve@1.0.0~debug: CWD: /home/imam/s/eve
11 silly lifecycle eve@1.0.0~debug: Args: [ '-c', 'node --debug-brk main/index.js' ]
12 silly lifecycle eve@1.0.0~debug: Returned: code: 1  signal: null
13 info lifecycle eve@1.0.0~debug: Failed to exec debug script
14 verbose stack Error: eve@1.0.0 debug: `node --debug-brk main/index.js`
14 verbose stack Exit status 1
14 verbose stack     at EventEmitter.<anonymous> (/usr/lib/node_modules/npm/lib/utils/lifecycle.js:232:16)
14 verbose stack     at emitTwo (events.js:87:13)
14 verbose stack     at EventEmitter.emit (events.js:172:7)
14 verbose stack     at ChildProcess.<anonymous> (/usr/lib/node_modules/npm/lib/utils/spawn.js:24:14)
14 verbose stack     at emitTwo (events.js:87:13)
14 verbose stack     at ChildProcess.emit (events.js:172:7)
14 verbose stack     at maybeClose (internal/child_process.js:818:16)
14 verbose stack     at Process.ChildProcess._handle.onexit (internal/child_process.js:211:5)
15 verbose pkgid eve@1.0.0
16 verbose cwd /home/imam/s/eve
17 error Linux 4.2.5-1-ARCH
18 error argv "/usr/bin/node" "/usr/bin/npm" "run" "debug"
19 error node v5.0.0
20 error npm  v3.4.0
21 error code ELIFECYCLE
22 error eve@1.0.0 debug: `node --debug-brk main/index.js`
22 error Exit status 1
23 error Failed at the eve@1.0.0 debug script 'node --debug-brk main/index.js'.
23 error Make sure you have the latest version of node.js and npm installed.
23 error If you do, this is most likely a problem with the eve package,
23 error not with npm itself.
23 error Tell the author that this fails on your system:
23 error     node --debug-brk main/index.js
23 error You can get their info via:
23 error     npm owner ls eve
23 error There is likely additional logging output above.
24 verbose exit [ 1, true ]
